# JRE version: Java(TM) SE Runtime Environment (8.0_181-b13) (build 1.8.0_181-b13)
# Java VM: Java HotSpot(TM) 64-Bit Server VM (25.181-b13 mixed mode windows-amd64 compressed oops)
Heap:
 PSYoungGen      total 55808K, used 18772K [0x00000000eb200000, 0x00000000ef100000, 0x0000000100000000)
  eden space 49152K, 34% used [0x00000000eb200000,0x00000000ec2c0250,0x00000000ee200000)
  from space 6656K, 24% used [0x00000000eea80000,0x00000000eec14f20,0x00000000ef100000)
  to   space 7680K, 0% used [0x00000000ee200000,0x00000000ee200000,0x00000000ee980000)
 ParOldGen       total 36352K, used 8575K [0x00000000c1600000, 0x00000000c3980000, 0x00000000eb200000)
  object space 36352K, 23% used [0x00000000c1600000,0x00000000c1e5fc18,0x00000000c3980000)
 Metaspace       used 23527K, capacity 24208K, committed 24320K, reserved 1071104K
  class space    used 3040K, capacity 3236K, committed 3328K, reserved 1048576K
GC Heap History (10 events):
Event: 1.711 GC heap before
{Heap before GC invocations=5 (full 0):
 PSYoungGen      total 35328K, used 35320K [0x00000000eb200000, 0x00000000ed700000, 0x0000000100000000)
  eden space 32768K, 100% used [0x00000000eb200000,0x00000000ed200000,0x00000000ed200000)
  from space 2560K, 99% used [0x00000000ed480000,0x00000000ed6fe010,0x00000000ed700000)
  to   space 2560K, 0% used [0x00000000ed200000,0x00000000ed200000,0x00000000ed480000)
 ParOldGen       total 44032K, used 5392K [0x00000000c1600000, 0x00000000c4100000, 0x00000000eb200000)
  object space 44032K, 12% used [0x00000000c1600000,0x00000000c1b441e0,0x00000000c4100000)
 Metaspace       used 17568K, capacity 18108K, committed 18432K, reserved 1064960K
  class space    used 2290K, capacity 2434K, committed 2560K, reserved 1048576K
Event: 1.721 GC heap after
Heap after GC invocations=5 (full 0):
 PSYoungGen      total 35328K, used 2536K [0x00000000eb200000, 0x00000000ed700000, 0x0000000100000000)
  eden space 32768K, 0% used [0x00000000eb200000,0x00000000eb200000,0x00000000ed200000)
  from space 2560K, 99% used [0x00000000ed200000,0x00000000ed47a020,0x00000000ed480000)
  to   space 2560K, 0% used [0x00000000ed480000,0x00000000ed480000,0x00000000ed700000)
 ParOldGen       total 44032K, used 9781K [0x00000000c1600000, 0x00000000c4100000, 0x00000000eb200000)
  object space 44032K, 22% used [0x00000000c1600000,0x00000000c1f8d6c8,0x00000000c4100000)
 Metaspace       used 17568K, capacity 18108K, committed 18432K, reserved 1064960K
  class space    used 2290K, capacity 2434K, committed 2560K, reserved 1048576K
}
Event: 2.066 GC heap before
{Heap before GC invocations=6 (full 0):
 PSYoungGen      total 35328K, used 28788K [0x00000000eb200000, 0x00000000ed700000, 0x0000000100000000)
  eden space 32768K, 80% used [0x00000000eb200000,0x00000000ecba31a0,0x00000000ed200000)
  from space 2560K, 99% used [0x00000000ed200000,0x00000000ed47a020,0x00000000ed480000)
  to   space 2560K, 0% used [0x00000000ed480000,0x00000000ed480000,0x00000000ed700000)
 ParOldGen       total 44032K, used 9781K [0x00000000c1600000, 0x00000000c4100000, 0x00000000eb200000)
  object space 44032K, 22% used [0x00000000c1600000,0x00000000c1f8d6c8,0x00000000c4100000)
 Metaspace       used 20576K, capacity 21210K, committed 21296K, reserved 1067008K
  class space    used 2686K, capacity 2863K, committed 2944K, reserved 1048576K
Event: 2.075 GC heap after
Heap after GC invocations=6 (full 0):
 PSYoungGen      total 35328K, used 2552K [0x00000000eb200000, 0x00000000ed700000, 0x0000000100000000)
  eden space 32768K, 0% used [0x00000000eb200000,0x00000000eb200000,0x00000000ed200000)
  from space 2560K, 99% used [0x00000000ed480000,0x00000000ed6fe010,0x00000000ed700000)
  to   space 2560K, 0% used [0x00000000ed200000,0x00000000ed200000,0x00000000ed480000)
 ParOldGen       total 44032K, used 13471K [0x00000000c1600000, 0x00000000c4100000, 0x00000000eb200000)
  object space 44032K, 30% used [0x00000000c1600000,0x00000000c2327f40,0x00000000c4100000)
 Metaspace       used 20576K, capacity 21210K, committed 21296K, reserved 1067008K
  class space    used 2686K, capacity 2863K, committed 2944K, reserved 1048576K
}
Event: 2.075 GC heap before
{Heap before GC invocations=7 (full 1):
 PSYoungGen      total 35328K, used 2552K [0x00000000eb200000, 0x00000000ed700000, 0x0000000100000000)
  eden space 32768K, 0% used [0x00000000eb200000,0x00000000eb200000,0x00000000ed200000)
  from space 2560K, 99% used [0x00000000ed480000,0x00000000ed6fe010,0x00000000ed700000)
  to   space 2560K, 0% used [0x00000000ed200000,0x00000000ed200000,0x00000000ed480000)
 ParOldGen       total 44032K, used 13471K [0x00000000c1600000, 0x00000000c4100000, 0x00000000eb200000)
  object space 44032K, 30% used [0x00000000c1600000,0x00000000c2327f40,0x00000000c4100000)
 Metaspace       used 20576K, capacity 21210K, committed 21296K, reserved 1067008K
  class space    used 2686K, capacity 2863K, committed 2944K, reserved 1048576K
Event: 2.114 GC heap after
Heap after GC invocations=7 (full 1):
 PSYoungGen      total 35328K, used 0K [0x00000000eb200000, 0x00000000ed700000, 0x0000000100000000)
  eden space 32768K, 0% used [0x00000000eb200000,0x00000000eb200000,0x00000000ed200000)
  from space 2560K, 0% used [0x00000000ed480000,0x00000000ed480000,0x00000000ed700000)
  to   space 2560K, 0% used [0x00000000ed200000,0x00000000ed200000,0x00000000ed480000)
 ParOldGen       total 36352K, used 7842K [0x00000000c1600000, 0x00000000c3980000, 0x00000000eb200000)
  object space 36352K, 21% used [0x00000000c1600000,0x00000000c1da8a50,0x00000000c3980000)
 Metaspace       used 20574K, capacity 21204K, committed 21296K, reserved 1067008K
  class space    used 2686K, capacity 2862K, committed 2944K, reserved 1048576K
}
Event: 2.535 GC heap before
{Heap before GC invocations=8 (full 1):
 PSYoungGen      total 35328K, used 32768K [0x00000000eb200000, 0x00000000ed700000, 0x0000000100000000)
  eden space 32768K, 100% used [0x00000000eb200000,0x00000000ed200000,0x00000000ed200000)
  from space 2560K, 0% used [0x00000000ed480000,0x00000000ed480000,0x00000000ed700000)
  to   space 2560K, 0% used [0x00000000ed200000,0x00000000ed200000,0x00000000ed480000)
 ParOldGen       total 36352K, used 7842K [0x00000000c1600000, 0x00000000c3980000, 0x00000000eb200000)
  object space 36352K, 21% used [0x00000000c1600000,0x00000000c1da8a50,0x00000000c3980000)
 Metaspace       used 22727K, capacity 23354K, committed 23680K, reserved 1069056K
  class space    used 2939K, capacity 3103K, committed 3200K, reserved 1048576K
Event: 2.540 GC heap after
Heap after GC invocations=8 (full 1):
 PSYoungGen      total 35328K, used 2550K [0x00000000eb200000, 0x00000000ef180000, 0x0000000100000000)
  eden space 32768K, 0% used [0x00000000eb200000,0x00000000eb200000,0x00000000ed200000)
  from space 2560K, 99% used [0x00000000ed200000,0x00000000ed47d848,0x00000000ed480000)
  to   space 7168K, 0% used [0x00000000eea80000,0x00000000eea80000,0x00000000ef180000)
 ParOldGen       total 36352K, used 8567K [0x00000000c1600000, 0x00000000c3980000, 0x00000000eb200000)
  object space 36352K, 23% used [0x00000000c1600000,0x00000000c1e5dc18,0x00000000c3980000)
 Metaspace       used 22727K, capacity 23354K, committed 23680K, reserved 1069056K
  class space    used 2939K, capacity 3103K, committed 3200K, reserved 1048576K
}
Event: 2.833 GC heap before
{Heap before GC invocations=9 (full 1):
 PSYoungGen      total 35328K, used 35262K [0x00000000eb200000, 0x00000000ef180000, 0x0000000100000000)
  eden space 32768K, 99% used [0x00000000eb200000,0x00000000ed1f2188,0x00000000ed200000)
  from space 2560K, 99% used [0x00000000ed200000,0x00000000ed47d848,0x00000000ed480000)
  to   space 7168K, 0% used [0x00000000eea80000,0x00000000eea80000,0x00000000ef180000)
 ParOldGen       total 36352K, used 8567K [0x00000000c1600000, 0x00000000c3980000, 0x00000000eb200000)
  object space 36352K, 23% used [0x00000000c1600000,0x00000000c1e5dc18,0x00000000c3980000)
 Metaspace       used 22750K, capacity 23392K, committed 23680K, reserved 1069056K
  class space    used 2943K, capacity 3136K, committed 3200K, reserved 1048576K
Event: 2.836 GC heap after
Heap after GC invocations=9 (full 1):
 PSYoungGen      total 55808K, used 1619K [0x00000000eb200000, 0x00000000ef100000, 0x0000000100000000)
  eden space 49152K, 0% used [0x00000000eb200000,0x00000000eb200000,0x00000000ee200000)
  from space 6656K, 24% used [0x00000000eea80000,0x00000000eec14f20,0x00000000ef100000)
  to   space 7680K, 0% used [0x00000000ee200000,0x00000000ee200000,0x00000000ee980000)
 ParOldGen       total 36352K, used 8575K [0x00000000c1600000, 0x00000000c3980000, 0x00000000eb200000)
  object space 36352K, 23% used [0x00000000c1600000,0x00000000c1e5fc18,0x00000000c3980000)
 Metaspace       used 22750K, capacity 23392K, committed 23680K, reserved 1069056K
  class space    used 2943K, capacity 3136K, committed 3200K, reserved 1048576K
}

