# JRE version: Java(TM) SE Runtime Environment (8.0_181-b13) (build 1.8.0_181-b13)
# Java VM: Java HotSpot(TM) 64-Bit Server VM (25.181-b13 mixed mode windows-amd64 compressed oops)
Heap:
 PSYoungGen      total 35328K, used 5598K [0x00000000eb200000, 0x00000000ed700000, 0x0000000100000000)
  eden space 32768K, 9% used [0x00000000eb200000,0x00000000eb4fab00,0x00000000ed200000)
  from space 2560K, 99% used [0x00000000ed200000,0x00000000ed47d040,0x00000000ed480000)
  to   space 2560K, 0% used [0x00000000ed480000,0x00000000ed480000,0x00000000ed700000)
 ParOldGen       total 37376K, used 11866K [0x00000000c1600000, 0x00000000c3a80000, 0x00000000eb200000)
  object space 37376K, 31% used [0x00000000c1600000,0x00000000c2196950,0x00000000c3a80000)
 Metaspace       used 25771K, capacity 26660K, committed 26800K, reserved 1073152K
  class space    used 3446K, capacity 3658K, committed 3760K, reserved 1048576K
GC Heap History (10 events):
Event: 2.064 GC heap before
{Heap before GC invocations=6 (full 0):
 PSYoungGen      total 35328K, used 34378K [0x00000000eb200000, 0x00000000ed700000, 0x0000000100000000)
  eden space 32768K, 97% used [0x00000000eb200000,0x00000000ed1146e0,0x00000000ed200000)
  from space 2560K, 99% used [0x00000000ed200000,0x00000000ed47e2d0,0x00000000ed480000)
  to   space 2560K, 0% used [0x00000000ed480000,0x00000000ed480000,0x00000000ed700000)
 ParOldGen       total 44032K, used 9397K [0x00000000c1600000, 0x00000000c4100000, 0x00000000eb200000)
  object space 44032K, 21% used [0x00000000c1600000,0x00000000c1f2d510,0x00000000c4100000)
 Metaspace       used 20704K, capacity 21260K, committed 21296K, reserved 1067008K
  class space    used 2707K, capacity 2848K, committed 2864K, reserved 1048576K
Event: 2.074 GC heap after
Heap after GC invocations=6 (full 0):
 PSYoungGen      total 35328K, used 2552K [0x00000000eb200000, 0x00000000ed700000, 0x0000000100000000)
  eden space 32768K, 0% used [0x00000000eb200000,0x00000000eb200000,0x00000000ed200000)
  from space 2560K, 99% used [0x00000000ed480000,0x00000000ed6fe2d0,0x00000000ed700000)
  to   space 2560K, 0% used [0x00000000ed200000,0x00000000ed200000,0x00000000ed480000)
 ParOldGen       total 44032K, used 13660K [0x00000000c1600000, 0x00000000c4100000, 0x00000000eb200000)
  object space 44032K, 31% used [0x00000000c1600000,0x00000000c2357310,0x00000000c4100000)
 Metaspace       used 20704K, capacity 21260K, committed 21296K, reserved 1067008K
  class space    used 2707K, capacity 2848K, committed 2864K, reserved 1048576K
}
Event: 2.074 GC heap before
{Heap before GC invocations=7 (full 1):
 PSYoungGen      total 35328K, used 2552K [0x00000000eb200000, 0x00000000ed700000, 0x0000000100000000)
  eden space 32768K, 0% used [0x00000000eb200000,0x00000000eb200000,0x00000000ed200000)
  from space 2560K, 99% used [0x00000000ed480000,0x00000000ed6fe2d0,0x00000000ed700000)
  to   space 2560K, 0% used [0x00000000ed200000,0x00000000ed200000,0x00000000ed480000)
 ParOldGen       total 44032K, used 13660K [0x00000000c1600000, 0x00000000c4100000, 0x00000000eb200000)
  object space 44032K, 31% used [0x00000000c1600000,0x00000000c2357310,0x00000000c4100000)
 Metaspace       used 20704K, capacity 21260K, committed 21296K, reserved 1067008K
  class space    used 2707K, capacity 2848K, committed 2864K, reserved 1048576K
Event: 2.124 GC heap after
Heap after GC invocations=7 (full 1):
 PSYoungGen      total 35328K, used 0K [0x00000000eb200000, 0x00000000ed700000, 0x0000000100000000)
  eden space 32768K, 0% used [0x00000000eb200000,0x00000000eb200000,0x00000000ed200000)
  from space 2560K, 0% used [0x00000000ed480000,0x00000000ed480000,0x00000000ed700000)
  to   space 2560K, 0% used [0x00000000ed200000,0x00000000ed200000,0x00000000ed480000)
 ParOldGen       total 37376K, used 8226K [0x00000000c1600000, 0x00000000c3a80000, 0x00000000eb200000)
  object space 37376K, 22% used [0x00000000c1600000,0x00000000c1e08ae0,0x00000000c3a80000)
 Metaspace       used 20704K, capacity 21260K, committed 21296K, reserved 1067008K
  class space    used 2707K, capacity 2848K, committed 2864K, reserved 1048576K
}
Event: 2.579 GC heap before
{Heap before GC invocations=8 (full 1):
 PSYoungGen      total 35328K, used 32768K [0x00000000eb200000, 0x00000000ed700000, 0x0000000100000000)
  eden space 32768K, 100% used [0x00000000eb200000,0x00000000ed200000,0x00000000ed200000)
  from space 2560K, 0% used [0x00000000ed480000,0x00000000ed480000,0x00000000ed700000)
  to   space 2560K, 0% used [0x00000000ed200000,0x00000000ed200000,0x00000000ed480000)
 ParOldGen       total 37376K, used 8226K [0x00000000c1600000, 0x00000000c3a80000, 0x00000000eb200000)
  object space 37376K, 22% used [0x00000000c1600000,0x00000000c1e08ae0,0x00000000c3a80000)
 Metaspace       used 22916K, capacity 23532K, committed 23600K, reserved 1069056K
  class space    used 2942K, capacity 3110K, committed 3120K, reserved 1048576K
Event: 2.583 GC heap after
Heap after GC invocations=8 (full 1):
 PSYoungGen      total 35328K, used 2557K [0x00000000eb200000, 0x00000000ed700000, 0x0000000100000000)
  eden space 32768K, 0% used [0x00000000eb200000,0x00000000eb200000,0x00000000ed200000)
  from space 2560K, 99% used [0x00000000ed200000,0x00000000ed47f7b0,0x00000000ed480000)
  to   space 2560K, 0% used [0x00000000ed480000,0x00000000ed480000,0x00000000ed700000)
 ParOldGen       total 37376K, used 9091K [0x00000000c1600000, 0x00000000c3a80000, 0x00000000eb200000)
  object space 37376K, 24% used [0x00000000c1600000,0x00000000c1ee0e50,0x00000000c3a80000)
 Metaspace       used 22916K, capacity 23532K, committed 23600K, reserved 1069056K
  class space    used 2942K, capacity 3110K, committed 3120K, reserved 1048576K
}
Event: 2.601 GC heap before
{Heap before GC invocations=9 (full 1):
 PSYoungGen      total 35328K, used 35292K [0x00000000eb200000, 0x00000000ed700000, 0x0000000100000000)
  eden space 32768K, 99% used [0x00000000eb200000,0x00000000ed1f7868,0x00000000ed200000)
  from space 2560K, 99% used [0x00000000ed200000,0x00000000ed47f7b0,0x00000000ed480000)
  to   space 2560K, 0% used [0x00000000ed480000,0x00000000ed480000,0x00000000ed700000)
 ParOldGen       total 37376K, used 9091K [0x00000000c1600000, 0x00000000c3a80000, 0x00000000eb200000)
  object space 37376K, 24% used [0x00000000c1600000,0x00000000c1ee0e50,0x00000000c3a80000)
 Metaspace       used 23149K, capacity 23756K, committed 23984K, reserved 1071104K
  class space    used 2973K, capacity 3142K, committed 3248K, reserved 1048576K
Event: 2.604 GC heap after
Heap after GC invocations=9 (full 1):
 PSYoungGen      total 35328K, used 1845K [0x00000000eb200000, 0x00000000ed700000, 0x0000000100000000)
  eden space 32768K, 0% used [0x00000000eb200000,0x00000000eb200000,0x00000000ed200000)
  from space 2560K, 72% used [0x00000000ed480000,0x00000000ed64d610,0x00000000ed700000)
  to   space 2560K, 0% used [0x00000000ed200000,0x00000000ed200000,0x00000000ed480000)
 ParOldGen       total 37376K, used 9099K [0x00000000c1600000, 0x00000000c3a80000, 0x00000000eb200000)
  object space 37376K, 24% used [0x00000000c1600000,0x00000000c1ee2e50,0x00000000c3a80000)
 Metaspace       used 23149K, capacity 23756K, committed 23984K, reserved 1071104K
  class space    used 2973K, capacity 3142K, committed 3248K, reserved 1048576K
}
Event: 3.110 GC heap before
{Heap before GC invocations=10 (full 1):
 PSYoungGen      total 35328K, used 34613K [0x00000000eb200000, 0x00000000ed700000, 0x0000000100000000)
  eden space 32768K, 100% used [0x00000000eb200000,0x00000000ed200000,0x00000000ed200000)
  from space 2560K, 72% used [0x00000000ed480000,0x00000000ed64d610,0x00000000ed700000)
  to   space 2560K, 0% used [0x00000000ed200000,0x00000000ed200000,0x00000000ed480000)
 ParOldGen       total 37376K, used 9099K [0x00000000c1600000, 0x00000000c3a80000, 0x00000000eb200000)
  object space 37376K, 24% used [0x00000000c1600000,0x00000000c1ee2e50,0x00000000c3a80000)
 Metaspace       used 25484K, capacity 26298K, committed 26416K, reserved 1073152K
  class space    used 3398K, capacity 3597K, committed 3632K, reserved 1048576K
Event: 3.122 GC heap after
Heap after GC invocations=10 (full 1):
 PSYoungGen      total 35328K, used 2548K [0x00000000eb200000, 0x00000000ed700000, 0x0000000100000000)
  eden space 32768K, 0% used [0x00000000eb200000,0x00000000eb200000,0x00000000ed200000)
  from space 2560K, 99% used [0x00000000ed200000,0x00000000ed47d040,0x00000000ed480000)
  to   space 2560K, 0% used [0x00000000ed480000,0x00000000ed480000,0x00000000ed700000)
 ParOldGen       total 37376K, used 11866K [0x00000000c1600000, 0x00000000c3a80000, 0x00000000eb200000)
  object space 37376K, 31% used [0x00000000c1600000,0x00000000c2196950,0x00000000c3a80000)
 Metaspace       used 25484K, capacity 26298K, committed 26416K, reserved 1073152K
  class space    used 3398K, capacity 3597K, committed 3632K, reserved 1048576K
}

