# JRE version: Java(TM) SE Runtime Environment (8.0_181-b13) (build 1.8.0_181-b13)
# Java VM: Java HotSpot(TM) 64-Bit Server VM (25.181-b13 mixed mode windows-amd64 compressed oops)
Heap:
 PSYoungGen      total 71680K, used 53641K [0x00000000eb200000, 0x00000000f0000000, 0x0000000100000000)
  eden space 64512K, 76% used [0x00000000eb200000,0x00000000ee23d2b8,0x00000000ef100000)
  from space 7168K, 59% used [0x00000000ef100000,0x00000000ef525300,0x00000000ef800000)
  to   space 6144K, 0% used [0x00000000ef800000,0x00000000ef800000,0x00000000efe00000)
 ParOldGen       total 37376K, used 9419K [0x00000000c1600000, 0x00000000c3a80000, 0x00000000eb200000)
  object space 37376K, 25% used [0x00000000c1600000,0x00000000c1f32f20,0x00000000c3a80000)
 Metaspace       used 26175K, capacity 27082K, committed 27264K, reserved 1073152K
  class space    used 3494K, capacity 3705K, committed 3712K, reserved 1048576K
GC Heap History (10 events):
Event: 0.970 GC heap before
{Heap before GC invocations=4 (full 0):
 PSYoungGen      total 18944K, used 18920K [0x00000000eb200000, 0x00000000ed700000, 0x0000000100000000)
  eden space 16384K, 100% used [0x00000000eb200000,0x00000000ec200000,0x00000000ec200000)
  from space 2560K, 99% used [0x00000000ec200000,0x00000000ec47a020,0x00000000ec480000)
  to   space 2560K, 0% used [0x00000000ed480000,0x00000000ed480000,0x00000000ed700000)
 ParOldGen       total 44032K, used 3769K [0x00000000c1600000, 0x00000000c4100000, 0x00000000eb200000)
  object space 44032K, 8% used [0x00000000c1600000,0x00000000c19ae6e0,0x00000000c4100000)
 Metaspace       used 13156K, capacity 13602K, committed 13696K, reserved 1060864K
  class space    used 1730K, capacity 1861K, committed 1920K, reserved 1048576K
Event: 0.975 GC heap after
Heap after GC invocations=4 (full 0):
 PSYoungGen      total 35328K, used 2536K [0x00000000eb200000, 0x00000000ed700000, 0x0000000100000000)
  eden space 32768K, 0% used [0x00000000eb200000,0x00000000eb200000,0x00000000ed200000)
  from space 2560K, 99% used [0x00000000ed480000,0x00000000ed6fa020,0x00000000ed700000)
  to   space 2560K, 0% used [0x00000000ed200000,0x00000000ed200000,0x00000000ed480000)
 ParOldGen       total 44032K, used 5317K [0x00000000c1600000, 0x00000000c4100000, 0x00000000eb200000)
  object space 44032K, 12% used [0x00000000c1600000,0x00000000c1b317d8,0x00000000c4100000)
 Metaspace       used 13156K, capacity 13602K, committed 13696K, reserved 1060864K
  class space    used 1730K, capacity 1861K, committed 1920K, reserved 1048576K
}
Event: 1.319 GC heap before
{Heap before GC invocations=5 (full 0):
 PSYoungGen      total 35328K, used 35304K [0x00000000eb200000, 0x00000000ed700000, 0x0000000100000000)
  eden space 32768K, 100% used [0x00000000eb200000,0x00000000ed200000,0x00000000ed200000)
  from space 2560K, 99% used [0x00000000ed480000,0x00000000ed6fa020,0x00000000ed700000)
  to   space 2560K, 0% used [0x00000000ed200000,0x00000000ed200000,0x00000000ed480000)
 ParOldGen       total 44032K, used 5317K [0x00000000c1600000, 0x00000000c4100000, 0x00000000eb200000)
  object space 44032K, 12% used [0x00000000c1600000,0x00000000c1b317d8,0x00000000c4100000)
 Metaspace       used 17105K, capacity 17598K, committed 17792K, reserved 1064960K
  class space    used 2228K, capacity 2357K, committed 2432K, reserved 1048576K
Event: 1.325 GC heap after
Heap after GC invocations=5 (full 0):
 PSYoungGen      total 35328K, used 2550K [0x00000000eb200000, 0x00000000efe00000, 0x0000000100000000)
  eden space 32768K, 0% used [0x00000000eb200000,0x00000000eb200000,0x00000000ed200000)
  from space 2560K, 99% used [0x00000000ed200000,0x00000000ed47dbc0,0x00000000ed480000)
  to   space 6144K, 0% used [0x00000000ef800000,0x00000000ef800000,0x00000000efe00000)
 ParOldGen       total 44032K, used 9402K [0x00000000c1600000, 0x00000000c4100000, 0x00000000eb200000)
  object space 44032K, 21% used [0x00000000c1600000,0x00000000c1f2ea40,0x00000000c4100000)
 Metaspace       used 17105K, capacity 17598K, committed 17792K, reserved 1064960K
  class space    used 2228K, capacity 2357K, committed 2432K, reserved 1048576K
}
Event: 1.599 GC heap before
{Heap before GC invocations=6 (full 0):
 PSYoungGen      total 35328K, used 32310K [0x00000000eb200000, 0x00000000efe00000, 0x0000000100000000)
  eden space 32768K, 90% used [0x00000000eb200000,0x00000000ecf0fed8,0x00000000ed200000)
  from space 2560K, 99% used [0x00000000ed200000,0x00000000ed47dbc0,0x00000000ed480000)
  to   space 6144K, 0% used [0x00000000ef800000,0x00000000ef800000,0x00000000efe00000)
 ParOldGen       total 44032K, used 9402K [0x00000000c1600000, 0x00000000c4100000, 0x00000000eb200000)
  object space 44032K, 21% used [0x00000000c1600000,0x00000000c1f2ea40,0x00000000c4100000)
 Metaspace       used 20565K, capacity 21102K, committed 21296K, reserved 1067008K
  class space    used 2655K, capacity 2817K, committed 2944K, reserved 1048576K
Event: 1.608 GC heap after
Heap after GC invocations=6 (full 0):
 PSYoungGen      total 70656K, used 6127K [0x00000000eb200000, 0x00000000f0000000, 0x0000000100000000)
  eden space 64512K, 0% used [0x00000000eb200000,0x00000000eb200000,0x00000000ef100000)
  from space 6144K, 99% used [0x00000000ef800000,0x00000000efdfbf50,0x00000000efe00000)
  to   space 7168K, 0% used [0x00000000ef100000,0x00000000ef100000,0x00000000ef800000)
 ParOldGen       total 44032K, used 9977K [0x00000000c1600000, 0x00000000c4100000, 0x00000000eb200000)
  object space 44032K, 22% used [0x00000000c1600000,0x00000000c1fbe410,0x00000000c4100000)
 Metaspace       used 20565K, capacity 21102K, committed 21296K, reserved 1067008K
  class space    used 2655K, capacity 2817K, committed 2944K, reserved 1048576K
}
Event: 1.608 GC heap before
{Heap before GC invocations=7 (full 1):
 PSYoungGen      total 70656K, used 6127K [0x00000000eb200000, 0x00000000f0000000, 0x0000000100000000)
  eden space 64512K, 0% used [0x00000000eb200000,0x00000000eb200000,0x00000000ef100000)
  from space 6144K, 99% used [0x00000000ef800000,0x00000000efdfbf50,0x00000000efe00000)
  to   space 7168K, 0% used [0x00000000ef100000,0x00000000ef100000,0x00000000ef800000)
 ParOldGen       total 44032K, used 9977K [0x00000000c1600000, 0x00000000c4100000, 0x00000000eb200000)
  object space 44032K, 22% used [0x00000000c1600000,0x00000000c1fbe410,0x00000000c4100000)
 Metaspace       used 20565K, capacity 21102K, committed 21296K, reserved 1067008K
  class space    used 2655K, capacity 2817K, committed 2944K, reserved 1048576K
Event: 1.651 GC heap after
Heap after GC invocations=7 (full 1):
 PSYoungGen      total 70656K, used 0K [0x00000000eb200000, 0x00000000f0000000, 0x0000000100000000)
  eden space 64512K, 0% used [0x00000000eb200000,0x00000000eb200000,0x00000000ef100000)
  from space 6144K, 0% used [0x00000000ef800000,0x00000000ef800000,0x00000000efe00000)
  to   space 7168K, 0% used [0x00000000ef100000,0x00000000ef100000,0x00000000ef800000)
 ParOldGen       total 37376K, used 9411K [0x00000000c1600000, 0x00000000c3a80000, 0x00000000eb200000)
  object space 37376K, 25% used [0x00000000c1600000,0x00000000c1f30f20,0x00000000c3a80000)
 Metaspace       used 20563K, capacity 21096K, committed 21296K, reserved 1067008K
  class space    used 2655K, capacity 2816K, committed 2944K, reserved 1048576K
}
Event: 2.072 GC heap before
{Heap before GC invocations=8 (full 1):
 PSYoungGen      total 70656K, used 64473K [0x00000000eb200000, 0x00000000f0000000, 0x0000000100000000)
  eden space 64512K, 99% used [0x00000000eb200000,0x00000000ef0f64e0,0x00000000ef100000)
  from space 6144K, 0% used [0x00000000ef800000,0x00000000ef800000,0x00000000efe00000)
  to   space 7168K, 0% used [0x00000000ef100000,0x00000000ef100000,0x00000000ef800000)
 ParOldGen       total 37376K, used 9411K [0x00000000c1600000, 0x00000000c3a80000, 0x00000000eb200000)
  object space 37376K, 25% used [0x00000000c1600000,0x00000000c1f30f20,0x00000000c3a80000)
 Metaspace       used 23158K, capacity 23838K, committed 23936K, reserved 1071104K
  class space    used 2968K, capacity 3145K, committed 3200K, reserved 1048576K
Event: 2.078 GC heap after
Heap after GC invocations=8 (full 1):
 PSYoungGen      total 71680K, used 4244K [0x00000000eb200000, 0x00000000f0000000, 0x0000000100000000)
  eden space 64512K, 0% used [0x00000000eb200000,0x00000000eb200000,0x00000000ef100000)
  from space 7168K, 59% used [0x00000000ef100000,0x00000000ef525300,0x00000000ef800000)
  to   space 6144K, 0% used [0x00000000ef800000,0x00000000ef800000,0x00000000efe00000)
 ParOldGen       total 37376K, used 9419K [0x00000000c1600000, 0x00000000c3a80000, 0x00000000eb200000)
  object space 37376K, 25% used [0x00000000c1600000,0x00000000c1f32f20,0x00000000c3a80000)
 Metaspace       used 23158K, capacity 23838K, committed 23936K, reserved 1071104K
  class space    used 2968K, capacity 3145K, committed 3200K, reserved 1048576K
}

