# JRE version: Java(TM) SE Runtime Environment (8.0_181-b13) (build 1.8.0_181-b13)
# Java VM: Java HotSpot(TM) 64-Bit Server VM (25.181-b13 mixed mode windows-amd64 compressed oops)
Heap:
 PSYoungGen      total 107520K, used 89745K [0x00000000eb200000, 0x00000000f4780000, 0x0000000100000000)
  eden space 98816K, 90% used [0x00000000eb200000,0x00000000f09a4410,0x00000000f1280000)
  from space 8704K, 0% used [0x00000000f1280000,0x00000000f1280000,0x00000000f1b00000)
  to   space 12288K, 0% used [0x00000000f3b80000,0x00000000f3b80000,0x00000000f4780000)
 ParOldGen       total 60928K, used 19064K [0x00000000c1600000, 0x00000000c5180000, 0x00000000eb200000)
  object space 60928K, 31% used [0x00000000c1600000,0x00000000c289e1a0,0x00000000c5180000)
 Metaspace       used 39062K, capacity 40708K, committed 40960K, reserved 1085440K
  class space    used 5217K, capacity 5530K, committed 5632K, reserved 1048576K
GC Heap History (10 events):
Event: 1.612 GC heap before
{Heap before GC invocations=7 (full 1):
 PSYoungGen      total 71168K, used 6644K [0x00000000eb200000, 0x00000000f0100000, 0x0000000100000000)
  eden space 64512K, 0% used [0x00000000eb200000,0x00000000eb200000,0x00000000ef100000)
  from space 6656K, 99% used [0x00000000ef880000,0x00000000efefd008,0x00000000eff00000)
  to   space 7680K, 0% used [0x00000000ef100000,0x00000000ef100000,0x00000000ef880000)
 ParOldGen       total 44032K, used 9563K [0x00000000c1600000, 0x00000000c4100000, 0x00000000eb200000)
  object space 44032K, 21% used [0x00000000c1600000,0x00000000c1f56fd8,0x00000000c4100000)
 Metaspace       used 20561K, capacity 21150K, committed 21296K, reserved 1067008K
  class space    used 2694K, capacity 2863K, committed 2944K, reserved 1048576K
Event: 1.646 GC heap after
Heap after GC invocations=7 (full 1):
 PSYoungGen      total 71168K, used 0K [0x00000000eb200000, 0x00000000f0100000, 0x0000000100000000)
  eden space 64512K, 0% used [0x00000000eb200000,0x00000000eb200000,0x00000000ef100000)
  from space 6656K, 0% used [0x00000000ef880000,0x00000000ef880000,0x00000000eff00000)
  to   space 7680K, 0% used [0x00000000ef100000,0x00000000ef100000,0x00000000ef880000)
 ParOldGen       total 35840K, used 8147K [0x00000000c1600000, 0x00000000c3900000, 0x00000000eb200000)
  object space 35840K, 22% used [0x00000000c1600000,0x00000000c1df4ea0,0x00000000c3900000)
 Metaspace       used 20559K, capacity 21144K, committed 21296K, reserved 1067008K
  class space    used 2693K, capacity 2862K, committed 2944K, reserved 1048576K
}
Event: 2.189 GC heap before
{Heap before GC invocations=8 (full 1):
 PSYoungGen      total 71168K, used 64471K [0x00000000eb200000, 0x00000000f0100000, 0x0000000100000000)
  eden space 64512K, 99% used [0x00000000eb200000,0x00000000ef0f5f40,0x00000000ef100000)
  from space 6656K, 0% used [0x00000000ef880000,0x00000000ef880000,0x00000000eff00000)
  to   space 7680K, 0% used [0x00000000ef100000,0x00000000ef100000,0x00000000ef880000)
 ParOldGen       total 35840K, used 8147K [0x00000000c1600000, 0x00000000c3900000, 0x00000000eb200000)
  object space 35840K, 22% used [0x00000000c1600000,0x00000000c1df4ea0,0x00000000c3900000)
 Metaspace       used 23028K, capacity 23764K, committed 23936K, reserved 1071104K
  class space    used 2965K, capacity 3164K, committed 3200K, reserved 1048576K
Event: 2.198 GC heap after
Heap after GC invocations=8 (full 1):
 PSYoungGen      total 72192K, used 4260K [0x00000000eb200000, 0x00000000f2280000, 0x0000000100000000)
  eden space 64512K, 0% used [0x00000000eb200000,0x00000000eb200000,0x00000000ef100000)
  from space 7680K, 55% used [0x00000000ef100000,0x00000000ef5290e0,0x00000000ef880000)
  to   space 7168K, 0% used [0x00000000f1b80000,0x00000000f1b80000,0x00000000f2280000)
 ParOldGen       total 35840K, used 8155K [0x00000000c1600000, 0x00000000c3900000, 0x00000000eb200000)
  object space 35840K, 22% used [0x00000000c1600000,0x00000000c1df6ea0,0x00000000c3900000)
 Metaspace       used 23028K, capacity 23764K, committed 23936K, reserved 1071104K
  class space    used 2965K, capacity 3164K, committed 3200K, reserved 1048576K
}
Event: 3.289 GC heap before
{Heap before GC invocations=9 (full 1):
 PSYoungGen      total 72192K, used 68772K [0x00000000eb200000, 0x00000000f2280000, 0x0000000100000000)
  eden space 64512K, 100% used [0x00000000eb200000,0x00000000ef100000,0x00000000ef100000)
  from space 7680K, 55% used [0x00000000ef100000,0x00000000ef5290e0,0x00000000ef880000)
  to   space 7168K, 0% used [0x00000000f1b80000,0x00000000f1b80000,0x00000000f2280000)
 ParOldGen       total 35840K, used 8155K [0x00000000c1600000, 0x00000000c3900000, 0x00000000eb200000)
  object space 35840K, 22% used [0x00000000c1600000,0x00000000c1df6ea0,0x00000000c3900000)
 Metaspace       used 28004K, capacity 29026K, committed 29184K, reserved 1075200K
  class space    used 3762K, capacity 3993K, committed 4096K, reserved 1048576K
Event: 3.305 GC heap after
Heap after GC invocations=9 (full 1):
 PSYoungGen      total 105984K, used 7163K [0x00000000eb200000, 0x00000000f2380000, 0x0000000100000000)
  eden space 98816K, 0% used [0x00000000eb200000,0x00000000eb200000,0x00000000f1280000)
  from space 7168K, 99% used [0x00000000f1b80000,0x00000000f227ed40,0x00000000f2280000)
  to   space 8704K, 0% used [0x00000000f1280000,0x00000000f1280000,0x00000000f1b00000)
 ParOldGen       total 35840K, used 10048K [0x00000000c1600000, 0x00000000c3900000, 0x00000000eb200000)
  object space 35840K, 28% used [0x00000000c1600000,0x00000000c1fd0128,0x00000000c3900000)
 Metaspace       used 28004K, capacity 29026K, committed 29184K, reserved 1075200K
  class space    used 3762K, capacity 3993K, committed 4096K, reserved 1048576K
}
Event: 4.623 GC heap before
{Heap before GC invocations=10 (full 1):
 PSYoungGen      total 105984K, used 75467K [0x00000000eb200000, 0x00000000f2380000, 0x0000000100000000)
  eden space 98816K, 69% used [0x00000000eb200000,0x00000000ef4b4168,0x00000000f1280000)
  from space 7168K, 99% used [0x00000000f1b80000,0x00000000f227ed40,0x00000000f2280000)
  to   space 8704K, 0% used [0x00000000f1280000,0x00000000f1280000,0x00000000f1b00000)
 ParOldGen       total 35840K, used 10048K [0x00000000c1600000, 0x00000000c3900000, 0x00000000eb200000)
  object space 35840K, 28% used [0x00000000c1600000,0x00000000c1fd0128,0x00000000c3900000)
 Metaspace       used 33915K, capacity 35440K, committed 35496K, reserved 1079296K
  class space    used 4548K, capacity 4840K, committed 4864K, reserved 1048576K
Event: 4.641 GC heap after
Heap after GC invocations=10 (full 1):
 PSYoungGen      total 107520K, used 8701K [0x00000000eb200000, 0x00000000f4780000, 0x0000000100000000)
  eden space 98816K, 0% used [0x00000000eb200000,0x00000000eb200000,0x00000000f1280000)
  from space 8704K, 99% used [0x00000000f1280000,0x00000000f1aff6f0,0x00000000f1b00000)
  to   space 12288K, 0% used [0x00000000f3b80000,0x00000000f3b80000,0x00000000f4780000)
 ParOldGen       total 35840K, used 15700K [0x00000000c1600000, 0x00000000c3900000, 0x00000000eb200000)
  object space 35840K, 43% used [0x00000000c1600000,0x00000000c25551b0,0x00000000c3900000)
 Metaspace       used 33915K, capacity 35440K, committed 35496K, reserved 1079296K
  class space    used 4548K, capacity 4840K, committed 4864K, reserved 1048576K
}
Event: 4.641 GC heap before
{Heap before GC invocations=11 (full 2):
 PSYoungGen      total 107520K, used 8701K [0x00000000eb200000, 0x00000000f4780000, 0x0000000100000000)
  eden space 98816K, 0% used [0x00000000eb200000,0x00000000eb200000,0x00000000f1280000)
  from space 8704K, 99% used [0x00000000f1280000,0x00000000f1aff6f0,0x00000000f1b00000)
  to   space 12288K, 0% used [0x00000000f3b80000,0x00000000f3b80000,0x00000000f4780000)
 ParOldGen       total 35840K, used 15700K [0x00000000c1600000, 0x00000000c3900000, 0x00000000eb200000)
  object space 35840K, 43% used [0x00000000c1600000,0x00000000c25551b0,0x00000000c3900000)
 Metaspace       used 33915K, capacity 35440K, committed 35496K, reserved 1079296K
  class space    used 4548K, capacity 4840K, committed 4864K, reserved 1048576K
Event: 4.718 GC heap after
Heap after GC invocations=11 (full 2):
 PSYoungGen      total 107520K, used 0K [0x00000000eb200000, 0x00000000f4780000, 0x0000000100000000)
  eden space 98816K, 0% used [0x00000000eb200000,0x00000000eb200000,0x00000000f1280000)
  from space 8704K, 0% used [0x00000000f1280000,0x00000000f1280000,0x00000000f1b00000)
  to   space 12288K, 0% used [0x00000000f3b80000,0x00000000f3b80000,0x00000000f4780000)
 ParOldGen       total 60928K, used 19064K [0x00000000c1600000, 0x00000000c5180000, 0x00000000eb200000)
  object space 60928K, 31% used [0x00000000c1600000,0x00000000c289e1a0,0x00000000c5180000)
 Metaspace       used 33915K, capacity 35440K, committed 35496K, reserved 1079296K
  class space    used 4548K, capacity 4840K, committed 4864K, reserved 1048576K
}

